Determining if the pthread_create exist failed with the following output:
Change Dir: /usr/prakt/s140/cuda_ss17/diffusion_framework/build_cmake/CMakeFiles/CMakeTmp

Run Build Command:"/usr/bin/make" "cmTC_026ef/fast"
/usr/bin/make -f CMakeFiles/cmTC_026ef.dir/build.make CMakeFiles/cmTC_026ef.dir/build
make[1]: Entering directory '/usr/prakt/s140/cuda_ss17/diffusion_framework/build_cmake/CMakeFiles/CMakeTmp'
Building C object CMakeFiles/cmTC_026ef.dir/CheckSymbolExists.c.o
/usr/bin/cc    -fPIC    -o CMakeFiles/cmTC_026ef.dir/CheckSymbolExists.c.o   -c /usr/prakt/s140/cuda_ss17/diffusion_framework/build_cmake/CMakeFiles/CMakeTmp/CheckSymbolExists.c
Linking C executable cmTC_026ef
/usr/bin/cmake -E cmake_link_script CMakeFiles/cmTC_026ef.dir/link.txt --verbose=1
/usr/bin/cc  -fPIC     CMakeFiles/cmTC_026ef.dir/CheckSymbolExists.c.o  -o cmTC_026ef -rdynamic 
CMakeFiles/cmTC_026ef.dir/CheckSymbolExists.c.o: In function `main':
CheckSymbolExists.c:(.text+0x1b): undefined reference to `pthread_create'
collect2: error: ld returned 1 exit status
CMakeFiles/cmTC_026ef.dir/build.make:97: recipe for target 'cmTC_026ef' failed
make[1]: *** [cmTC_026ef] Error 1
make[1]: Leaving directory '/usr/prakt/s140/cuda_ss17/diffusion_framework/build_cmake/CMakeFiles/CMakeTmp'
Makefile:126: recipe for target 'cmTC_026ef/fast' failed
make: *** [cmTC_026ef/fast] Error 2

File /usr/prakt/s140/cuda_ss17/diffusion_framework/build_cmake/CMakeFiles/CMakeTmp/CheckSymbolExists.c:
/* */
#include <pthread.h>

int main(int argc, char** argv)
{
  (void)argv;
#ifndef pthread_create
  return ((int*)(&pthread_create))[argc];
#else
  (void)argc;
  return 0;
#endif
}

Determining if the function pthread_create exists in the pthreads failed with the following output:
Change Dir: /usr/prakt/s140/cuda_ss17/diffusion_framework/build_cmake/CMakeFiles/CMakeTmp

Run Build Command:"/usr/bin/make" "cmTC_907fa/fast"
/usr/bin/make -f CMakeFiles/cmTC_907fa.dir/build.make CMakeFiles/cmTC_907fa.dir/build
make[1]: Entering directory '/usr/prakt/s140/cuda_ss17/diffusion_framework/build_cmake/CMakeFiles/CMakeTmp'
Building C object CMakeFiles/cmTC_907fa.dir/CheckFunctionExists.c.o
/usr/bin/cc    -fPIC -DCHECK_FUNCTION_EXISTS=pthread_create   -o CMakeFiles/cmTC_907fa.dir/CheckFunctionExists.c.o   -c /usr/share/cmake-3.5/Modules/CheckFunctionExists.c
Linking C executable cmTC_907fa
/usr/bin/cmake -E cmake_link_script CMakeFiles/cmTC_907fa.dir/link.txt --verbose=1
/usr/bin/cc  -fPIC -DCHECK_FUNCTION_EXISTS=pthread_create    CMakeFiles/cmTC_907fa.dir/CheckFunctionExists.c.o  -o cmTC_907fa -rdynamic -lpthreads 
/usr/bin/ld: cannot find -lpthreads
collect2: error: ld returned 1 exit status
CMakeFiles/cmTC_907fa.dir/build.make:97: recipe for target 'cmTC_907fa' failed
make[1]: *** [cmTC_907fa] Error 1
make[1]: Leaving directory '/usr/prakt/s140/cuda_ss17/diffusion_framework/build_cmake/CMakeFiles/CMakeTmp'
Makefile:126: recipe for target 'cmTC_907fa/fast' failed
make: *** [cmTC_907fa/fast] Error 2


